[debug] [2025-09-09T15:35:08.669Z] ----------------------------------------------------------------------
[debug] [2025-09-09T15:35:08.674Z] Command:       C:\nvm4w\nodejs\node.exe C:\nvm4w\nodejs\node_modules\firebase-tools\lib\bin\firebase.js projects:list
[debug] [2025-09-09T15:35:08.675Z] CLI Version:   14.14.0
[debug] [2025-09-09T15:35:08.675Z] Platform:      win32
[debug] [2025-09-09T15:35:08.676Z] Node Version:  v22.14.0
[debug] [2025-09-09T15:35:08.676Z] Time:          Tue Sep 09 2025 22:35:08 GMT+0700 (เวลาอินโดจีน)
[debug] [2025-09-09T15:35:08.677Z] ----------------------------------------------------------------------
[debug] 
[debug] [2025-09-09T15:35:08.687Z] >>> [apiv2][query] GET https://firebase-public.firebaseio.com/cli.json [none]
[debug] [2025-09-09T15:35:09.236Z] > command requires scopes: ["email","openid","https://www.googleapis.com/auth/cloudplatformprojects.readonly","https://www.googleapis.com/auth/firebase","https://www.googleapis.com/auth/cloud-platform"]
[debug] [2025-09-09T15:35:09.236Z] > authorizing via signed-in user (b22417035@gmail.com)
[debug] [2025-09-09T15:35:09.239Z] Checked if tokens are valid: false, expires at: 1720292558189
[debug] [2025-09-09T15:35:09.239Z] Checked if tokens are valid: false, expires at: 1720292558189
[debug] [2025-09-09T15:35:09.239Z] > refreshing access token with scopes: []
[debug] [2025-09-09T15:35:09.240Z] >>> [apiv2][query] POST https://www.googleapis.com/oauth2/v3/token [none]
[debug] [2025-09-09T15:35:09.240Z] >>> [apiv2][body] POST https://www.googleapis.com/oauth2/v3/token [omitted]
[debug] [2025-09-09T15:35:10.071Z] <<< [apiv2][status] POST https://www.googleapis.com/oauth2/v3/token 400
[debug] [2025-09-09T15:35:10.071Z] <<< [apiv2][body] POST https://www.googleapis.com/oauth2/v3/token [omitted]
[debug] [2025-09-09T15:35:10.072Z] >>> [apiv2][query] GET https://firebase.googleapis.com/v1beta1/projects pageSize=1000
[debug] [2025-09-09T15:35:10.476Z] <<< [apiv2][status] GET https://firebase-public.firebaseio.com/cli.json 200
[debug] [2025-09-09T15:35:10.477Z] <<< [apiv2][body] GET https://firebase-public.firebaseio.com/cli.json {"cloudBuildErrorAfter":1594252800000,"cloudBuildWarnAfter":1590019200000,"defaultNode10After":1594252800000,"minVersion":"3.0.5","node8DeploysDisabledAfter":1613390400000,"node8RuntimeDisabledAfter":1615809600000,"node8WarnAfter":1600128000000}
[debug] [2025-09-09T15:35:12.665Z] <<< [apiv2][status] GET https://firebase.googleapis.com/v1beta1/projects 401
[debug] [2025-09-09T15:35:12.665Z] <<< [apiv2][body] GET https://firebase.googleapis.com/v1beta1/projects [omitted]
[debug] [2025-09-09T15:35:12.666Z] Got a 401 Unauthenticated error for a call that required authentication. Refreshing tokens.
[debug] [2025-09-09T15:35:12.666Z] Checked if tokens are valid: false, expires at: 1720292558189
[debug] [2025-09-09T15:35:12.666Z] Checked if tokens are valid: false, expires at: 1720292558189
[debug] [2025-09-09T15:35:12.666Z] > refreshing access token with scopes: []
[debug] [2025-09-09T15:35:12.666Z] >>> [apiv2][query] POST https://www.googleapis.com/oauth2/v3/token [none]
[debug] [2025-09-09T15:35:12.666Z] >>> [apiv2][body] POST https://www.googleapis.com/oauth2/v3/token [omitted]
[debug] [2025-09-09T15:35:12.866Z] <<< [apiv2][status] POST https://www.googleapis.com/oauth2/v3/token 400
[debug] [2025-09-09T15:35:12.866Z] <<< [apiv2][body] POST https://www.googleapis.com/oauth2/v3/token [omitted]
[debug] [2025-09-09T15:35:12.867Z] Request to https://firebase.googleapis.com/v1beta1/projects?pageSize=1000 had HTTP Error: 401, Request had invalid authentication credentials. Expected OAuth 2 access token, login cookie or other valid authentication credential. See https://developers.google.com/identity/sign-in/web/devconsole-project.
[debug] [2025-09-09T15:35:14.991Z] FirebaseError: Request to https://firebase.googleapis.com/v1beta1/projects?pageSize=1000 had HTTP Error: 401, Request had invalid authentication credentials. Expected OAuth 2 access token, login cookie or other valid authentication credential. See https://developers.google.com/identity/sign-in/web/devconsole-project.
    at responseToError (C:\Users\GIGABYTE\AppData\Local\nvm\v22.14.0\node_modules\firebase-tools\lib\responseToError.js:52:12)
    at RetryOperation._fn (C:\Users\GIGABYTE\AppData\Local\nvm\v22.14.0\node_modules\firebase-tools\lib\apiv2.js:312:77)
    at process.processTicksAndRejections (node:internal/process/task_queues:105:5)
[error] 
[error] Error: Failed to list Firebase projects. See firebase-debug.log for more info.
